[19:54:17] [main/WARN]: Ambiguity between arguments [teleport, destination] and [teleport, targets] with inputs: [Player, 0123, @e, dd12be42-52a9-4a91-a8a1-11c01849e498]
[19:54:17] [main/WARN]: Ambiguity between arguments [teleport, location] and [teleport, destination] with inputs: [0.1 -0.5 .9, 0 0 0]
[19:54:17] [main/WARN]: Ambiguity between arguments [teleport, location] and [teleport, targets] with inputs: [0.1 -0.5 .9, 0 0 0]
[19:54:17] [main/WARN]: Ambiguity between arguments [teleport, targets] and [teleport, destination] with inputs: [Player, 0123, dd12be42-52a9-4a91-a8a1-11c01849e498]
[19:54:17] [main/WARN]: Ambiguity between arguments [teleport, targets, location] and [teleport, targets, destination] with inputs: [0.1 -0.5 .9, 0 0 0]
[19:54:18] [Server thread/INFO]: Starting minecraft server version 1.15.2
[19:54:18] [Server console handler/ERROR]: Exception handling console input
java.io.IOException: The handle is invalid
	at java.io.FileInputStream.readBytes(Native Method) ~[?:1.8.0_241]
	at java.io.FileInputStream.read(Unknown Source) ~[?:1.8.0_241]
	at java.io.BufferedInputStream.read1(Unknown Source) ~[?:1.8.0_241]
	at java.io.BufferedInputStream.read(Unknown Source) ~[?:1.8.0_241]
	at sun.nio.cs.StreamDecoder.readBytes(Unknown Source) ~[?:1.8.0_241]
	at sun.nio.cs.StreamDecoder.implRead(Unknown Source) ~[?:1.8.0_241]
	at sun.nio.cs.StreamDecoder.read(Unknown Source) ~[?:1.8.0_241]
	at java.io.InputStreamReader.read(Unknown Source) ~[?:1.8.0_241]
	at java.io.BufferedReader.fill(Unknown Source) ~[?:1.8.0_241]
	at java.io.BufferedReader.readLine(Unknown Source) ~[?:1.8.0_241]
	at java.io.BufferedReader.readLine(Unknown Source) ~[?:1.8.0_241]
	at wd$2.run(SourceFile:110) [server.jar:?]
[19:54:18] [Server thread/INFO]: Loading properties
[19:54:18] [Server thread/INFO]: Default game type: SURVIVAL
[19:54:18] [Server thread/INFO]: Generating keypair
[19:54:18] [Server thread/INFO]: Starting Minecraft server on 25.71.188.215:25565
[19:54:18] [Server thread/INFO]: Using default channel type
[19:54:22] [Server thread/WARN]: **** SERVER IS RUNNING IN OFFLINE/INSECURE MODE!
[19:54:22] [Server thread/WARN]: The server will make no attempt to authenticate usernames. Beware.
[19:54:22] [Server thread/WARN]: While this makes the game possible to play without internet access, it also opens up the ability for hackers to connect with any username they choose.
[19:54:22] [Server thread/WARN]: To change this, set "online-mode" to "true" in the server.properties file.
[19:54:22] [Server thread/INFO]: Preparing level "world"
[19:54:22] [Server thread/INFO]: Reloading ResourceManager: Default
[19:54:22] [Server thread/INFO]: Loaded 6 recipes
[19:54:23] [Server thread/INFO]: Loaded 825 advancements
[19:54:23] [Server thread/INFO]: Preparing start region for dimension minecraft:overworld
[19:54:24] [Server thread/INFO]: Preparing spawn area: 0%
[19:54:24] [Server thread/INFO]: Preparing spawn area: 0%
[19:54:24] [Server thread/INFO]: Preparing spawn area: 0%
[19:54:25] [Server thread/INFO]: Time elapsed: 1648 ms
[19:54:25] [Server thread/INFO]: Done (2.728s)! For help, type "help"
[19:56:09] [Server thread/INFO]: nika11[/25.71.188.215:58379] logged in with entity id 200 at (100.13363365867416, 72.0, -234.81507586889754)
[19:56:09] [Server thread/INFO]: nika11 joined the game
[19:56:22] [Server thread/INFO]: nika11 lost connection: Disconnected
[19:56:22] [Server thread/INFO]: nika11 left the game
[19:56:25] [Server thread/INFO]: Stopping server
[19:56:25] [Server thread/INFO]: Saving players
[19:56:25] [Server thread/INFO]: Saving worlds
[19:56:25] [Server thread/INFO]: Saving chunks for level 'world'/minecraft:overworld
[19:56:25] [Server thread/INFO]: ThreadedAnvilChunkStorage (world): All chunks are saved
[19:56:25] [Server thread/INFO]: Saving chunks for level 'world'/minecraft:the_nether
[19:56:25] [Server thread/INFO]: ThreadedAnvilChunkStorage (DIM-1): All chunks are saved
[19:56:25] [Server thread/INFO]: Saving chunks for level 'world'/minecraft:the_end
[19:56:25] [Server thread/INFO]: ThreadedAnvilChunkStorage (DIM1): All chunks are saved
[19:56:25] [Server thread/INFO]: ThreadedAnvilChunkStorage (world): All chunks are saved
[19:56:25] [Server thread/INFO]: ThreadedAnvilChunkStorage (DIM-1): All chunks are saved
[19:56:25] [Server thread/INFO]: ThreadedAnvilChunkStorage (DIM1): All chunks are saved
